<?xml version="1.0" encoding="UTF-8"?>
<!-- Generated by org.testng.reporters.JUnitXMLReporter -->
<testsuite ignored="0" hostname="DESKTOP-GNQ7IEL" failures="2" tests="6" name="Test" time="0.136" errors="0" timestamp="2023-05-18T19:13:19 IST">
  <testcase classname="listenerStudy.Mytesting" name="B" time="0.02">
    <failure type="java.lang.AssertionError" message="null">
      <![CDATA[java.lang.AssertionError: null
at listenerStudy.Mytesting.B(Mytesting.java:19)
at java.base/java.util.ArrayList.forEach(ArrayList.java:1511)
... Removed 27 stack frames]]>
    </failure>
  </testcase> <!-- B -->
  <testcase classname="listenerStudy.Mytesting" name="A" time="0.004"/>
  <testcase classname="listenerStudy.Mytesting" name="C" time="0.0">
    <skipped/>
  </testcase> <!-- C -->
  <testcase classname="listenerStudy.MyTesting2" name="Q" time="0.002">
    <failure type="java.lang.AssertionError" message="null">
      <![CDATA[java.lang.AssertionError: null
at listenerStudy.MyTesting2.Q(MyTesting2.java:19)
at java.base/java.util.ArrayList.forEach(ArrayList.java:1511)
... Removed 27 stack frames]]>
    </failure>
  </testcase> <!-- Q -->
  <testcase classname="listenerStudy.MyTesting2" name="p" time="0.002"/>
  <testcase classname="listenerStudy.MyTesting2" name="R" time="0.0">
    <skipped/>
  </testcase> <!-- R -->
</testsuite> <!-- Test -->
