<?xml version="1.0" encoding="UTF-8"?>
<!-- Generated by org.testng.reporters.JUnitXMLReporter -->
<testsuite ignored="3" hostname="DESKTOP-GNQ7IEL" failures="0" tests="1" name="Default test(failed)(failed)" time="0.073" errors="0" timestamp="2022-12-31T21:38:49 IST">
  <testcase classname="testngstudyxml.failedTest" name="d" time="0.016"/>
  <testcase classname="testngstudyxml.failedTest" name="a" time="0.0">
    <ignored/>
  </testcase> <!-- a -->
  <testcase classname="testngstudyxml.failedTest" name="b" time="0.0">
    <ignored/>
  </testcase> <!-- b -->
  <testcase classname="testngstudyxml.failedTest" name="c" time="0.0">
    <ignored/>
  </testcase> <!-- c -->
</testsuite> <!-- Default test(failed)(failed) -->
