<?xml version="1.0" encoding="UTF-8"?>
<testng-results ignored="0" total="2" passed="2" failed="0" skipped="0">
  <reporter-output>
  </reporter-output>
  <suite started-at="2023-05-24T22:17:30 IST" name="Suite" finished-at="2023-05-24T22:17:49 IST" duration-ms="18815">
    <groups>
    </groups>
    <test started-at="2023-05-24T22:17:30 IST" name="Test1" finished-at="2023-05-24T22:17:37 IST" duration-ms="7132">
      <class name="TESTNGCBtesting.cbtesting">
        <test-method signature="cbtest(java.lang.String)[pri:0, instance:TESTNGCBtesting.cbtesting@1fa268de]" started-at="2023-05-24T22:17:30 IST" name="cbtest" finished-at="2023-05-24T22:17:37 IST" duration-ms="7053" status="PASS">
          <params>
            <param index="0">
              <value>
                <![CDATA[Chrome]]>
              </value>
            </param>
          </params>
          <reporter-output>
          </reporter-output>
        </test-method> <!-- cbtest -->
      </class> <!-- TESTNGCBtesting.cbtesting -->
    </test> <!-- Test1 -->
    <test started-at="2023-05-24T22:17:38 IST" name="Test2" finished-at="2023-05-24T22:17:49 IST" duration-ms="11604">
      <class name="TESTNGCBtesting.cbtesting">
        <test-method signature="cbtest(java.lang.String)[pri:0, instance:TESTNGCBtesting.cbtesting@3349e9bb]" started-at="2023-05-24T22:17:38 IST" name="cbtest" finished-at="2023-05-24T22:17:49 IST" duration-ms="11600" status="PASS">
          <params>
            <param index="0">
              <value>
                <![CDATA[Firefox]]>
              </value>
            </param>
          </params>
          <reporter-output>
          </reporter-output>
        </test-method> <!-- cbtest -->
      </class> <!-- TESTNGCBtesting.cbtesting -->
    </test> <!-- Test2 -->
  </suite> <!-- Suite -->
</testng-results>
